<?xml version="1.0" encoding="UTF-8"?>
<!-- Generated by org.testng.reporters.JUnitReportReporter -->
<testsuite hostname="LGDN14479" failures="0" tests="1" name="test_case.TC001_AddNewUser" time="7.508" errors="0" timestamp="29 Jan 2018 03:49:08 GMT" skipped="0">
  <testcase classname="test_case.TC001_AddNewUser" name="login" time="7.508"/>
</testsuite> <!-- test_case.TC001_AddNewUser -->
